Removed Pin From Net: NetName=+5 Pin=U4-8
Change Component Comment : Designator=C16 Old Comment=0.22uF New Comment=100nF
Added Component: Designator=P3(HDR1X2)
Add component. Clean all parameters for all variants
Add component (AddParameter): Name = "LatestRevisionDate"; Value = "17-Jul-2002"; VariantName = "[No Variations]"
Add component (AddParameter): Name = "LatestRevisionNote"; Value = "Re-released for DXP Platform."; VariantName = "[No Variations]"
Add component (AddParameter): Name = "Publisher"; Value = "Altium Limited"; VariantName = "[No Variations]"
Added Component: Designator=P7(HDR1X3)
Add component. Clean all parameters for all variants
Add component (AddParameter): Name = "LatestRevisionDate"; Value = "17-Jul-2002"; VariantName = "[No Variations]"
Add component (AddParameter): Name = "LatestRevisionNote"; Value = "Re-released for DXP Platform."; VariantName = "[No Variations]"
Add component (AddParameter): Name = "Publisher"; Value = "Altium Limited"; VariantName = "[No Variations]"
Added Pin To Net: NetName=GND Pin=P3-2
Added Pin To Net: NetName=+5 Pin=P7-1
Added Pin To Net: NetName=+12 Pin=P3-1
Added Pin To Net: NetName=+12 Pin=P7-3
Added Net: Name=+12
Added Pin To Net: NetName=Motor_VCC Pin=P7-2
Added Pin To Net: NetName=Motor_VCC Pin=U4-8
Added Net: Name=Motor_VCC
Added Member To Class: ClassName=Sheet1 Member=Component P3 Header 2
Added Member To Class: ClassName=Sheet1 Member=Component P7 Header 3
