Added Component: Designator=B1(switch_2P)
Add component. Clean all parameters for all variants
Added Component: Designator=B2(switch_2P)
Add component. Clean all parameters for all variants
Added Component: Designator=B3(switch_2P)
Add component. Clean all parameters for all variants
Added Component: Designator=B4(switch_2P)
Add component. Clean all parameters for all variants
Added Component: Designator=B5(switch_2P)
Add component. Clean all parameters for all variants
Added Component: Designator=B6(switch_2P)
Add component. Clean all parameters for all variants
Added Component: Designator=C1(0603)
Add component. Clean all parameters for all variants
Added Component: Designator=C2(0603)
Add component. Clean all parameters for all variants
Added Component: Designator=C3(0603)
Add component. Clean all parameters for all variants
Added Component: Designator=C4(0603)
Add component. Clean all parameters for all variants
Added Component: Designator=C5(0603)
Add component. Clean all parameters for all variants
Added Component: Designator=C6(0603)
Add component. Clean all parameters for all variants
Added Component: Designator=C7(0603)
Add component. Clean all parameters for all variants
Added Component: Designator=C8(0603)
Add component. Clean all parameters for all variants
Added Component: Designator=C9(0603)
Add component. Clean all parameters for all variants
Added Component: Designator=C10(0603)
Add component. Clean all parameters for all variants
Added Component: Designator=C12(0603)
Add component. Clean all parameters for all variants
Added Component: Designator=C13(0603)
Add component. Clean all parameters for all variants
Added Component: Designator=C14(0603)
Add component. Clean all parameters for all variants
Added Component: Designator=C15(0603)
Add component. Clean all parameters for all variants
Added Component: Designator=C16(0603)
Add component. Clean all parameters for all variants
Added Component: Designator=D1(SOD_123)
Add component. Clean all parameters for all variants
Added Component: Designator=D2(SOD_123)
Add component. Clean all parameters for all variants
Added Component: Designator=D3(SOD_123)
Add component. Clean all parameters for all variants
Added Component: Designator=D4(SOD_123)
Add component. Clean all parameters for all variants
Added Component: Designator=D5(SOD_123)
Add component. Clean all parameters for all variants
Added Component: Designator=K1(relay_5pin)
Add component. Clean all parameters for all variants
Add component (AddParameter): Name = "LatestRevisionDate"; Value = "17-Jul-2002"; VariantName = "[No Variations]"
Add component (AddParameter): Name = "LatestRevisionNote"; Value = "Re-released for DXP Platform."; VariantName = "[No Variations]"
Add component (AddParameter): Name = "PackageReference"; Value = "MODULE5B"; VariantName = "[No Variations]"
Add component (AddParameter): Name = "Published"; Value = "24-Mar-1999"; VariantName = "[No Variations]"
Add component (AddParameter): Name = "Publisher"; Value = "Altium Limited"; VariantName = "[No Variations]"
Added Component: Designator=P1(HDR1X4)
Add component. Clean all parameters for all variants
Add component (AddParameter): Name = "LatestRevisionDate"; Value = "17-Jul-2002"; VariantName = "[No Variations]"
Add component (AddParameter): Name = "LatestRevisionNote"; Value = "Re-released for DXP Platform."; VariantName = "[No Variations]"
Add component (AddParameter): Name = "Publisher"; Value = "Altium Limited"; VariantName = "[No Variations]"
Added Component: Designator=P2(HDR1X2)
Add component. Clean all parameters for all variants
Add component (AddParameter): Name = "LatestRevisionDate"; Value = "17-Jul-2002"; VariantName = "[No Variations]"
Add component (AddParameter): Name = "LatestRevisionNote"; Value = "Re-released for DXP Platform."; VariantName = "[No Variations]"
Add component (AddParameter): Name = "Publisher"; Value = "Altium Limited"; VariantName = "[No Variations]"
Added Component: Designator=P3(HDR1X2)
Add component. Clean all parameters for all variants
Add component (AddParameter): Name = "LatestRevisionDate"; Value = "17-Jul-2002"; VariantName = "[No Variations]"
Add component (AddParameter): Name = "LatestRevisionNote"; Value = "Re-released for DXP Platform."; VariantName = "[No Variations]"
Add component (AddParameter): Name = "Publisher"; Value = "Altium Limited"; VariantName = "[No Variations]"
Added Component: Designator=P?(HDR1X2)
Add component. Clean all parameters for all variants
Add component (AddParameter): Name = "LatestRevisionDate"; Value = "17-Jul-2002"; VariantName = "[No Variations]"
Add component (AddParameter): Name = "LatestRevisionNote"; Value = "Re-released for DXP Platform."; VariantName = "[No Variations]"
Add component (AddParameter): Name = "Publisher"; Value = "Altium Limited"; VariantName = "[No Variations]"
Added Component: Designator=Q1(SOT-23)
Add component. Clean all parameters for all variants
Added Component: Designator=R1(0603)
Add component. Clean all parameters for all variants
Added Component: Designator=R2(0603)
Add component. Clean all parameters for all variants
Added Component: Designator=R3(0603)
Add component. Clean all parameters for all variants
Add component (AddParameter): Name = "LatestRevisionDate"; Value = "17-Jul-2002"; VariantName = "[No Variations]"
Add component (AddParameter): Name = "LatestRevisionNote"; Value = "Re-released for DXP Platform."; VariantName = "[No Variations]"
Add component (AddParameter): Name = "PackageDescription"; Value = "Axial Device, Thru-Hole; 2 Leads; 0.4 in Pin Spacing"; VariantName = "[No Variations]"
Add component (AddParameter): Name = "PackageReference"; Value = "AXIAL-0.4"; VariantName = "[No Variations]"
Add component (AddParameter): Name = "Published"; Value = "8-Jun-2000"; VariantName = "[No Variations]"
Add component (AddParameter): Name = "Publisher"; Value = "Altium Limited"; VariantName = "[No Variations]"
Add component (AddParameter): Name = "Value"; Value = "1K"; VariantName = "[No Variations]"
Added Component: Designator=R4(0603)
Add component. Clean all parameters for all variants
Add component (AddParameter): Name = "LatestRevisionDate"; Value = "17-Jul-2002"; VariantName = "[No Variations]"
Add component (AddParameter): Name = "LatestRevisionNote"; Value = "Re-released for DXP Platform."; VariantName = "[No Variations]"
Add component (AddParameter): Name = "PackageDescription"; Value = "Axial Device, Thru-Hole; 2 Leads; 0.4 in Pin Spacing"; VariantName = "[No Variations]"
Add component (AddParameter): Name = "PackageReference"; Value = "AXIAL-0.4"; VariantName = "[No Variations]"
Add component (AddParameter): Name = "Published"; Value = "8-Jun-2000"; VariantName = "[No Variations]"
Add component (AddParameter): Name = "Publisher"; Value = "Altium Limited"; VariantName = "[No Variations]"
Add component (AddParameter): Name = "Value"; Value = "1K"; VariantName = "[No Variations]"
Added Component: Designator=R5(0603)
Add component. Clean all parameters for all variants
Add component (AddParameter): Name = "LatestRevisionDate"; Value = "17-Jul-2002"; VariantName = "[No Variations]"
Add component (AddParameter): Name = "LatestRevisionNote"; Value = "Re-released for DXP Platform."; VariantName = "[No Variations]"
Add component (AddParameter): Name = "PackageDescription"; Value = "Axial Device, Thru-Hole; 2 Leads; 0.4 in Pin Spacing"; VariantName = "[No Variations]"
Add component (AddParameter): Name = "PackageReference"; Value = "AXIAL-0.4"; VariantName = "[No Variations]"
Add component (AddParameter): Name = "Published"; Value = "8-Jun-2000"; VariantName = "[No Variations]"
Add component (AddParameter): Name = "Publisher"; Value = "Altium Limited"; VariantName = "[No Variations]"
Add component (AddParameter): Name = "Value"; Value = "1K"; VariantName = "[No Variations]"
Added Component: Designator=R6(0603)
Add component. Clean all parameters for all variants
Add component (AddParameter): Name = "LatestRevisionDate"; Value = "17-Jul-2002"; VariantName = "[No Variations]"
Add component (AddParameter): Name = "LatestRevisionNote"; Value = "Re-released for DXP Platform."; VariantName = "[No Variations]"
Add component (AddParameter): Name = "PackageDescription"; Value = "Axial Device, Thru-Hole; 2 Leads; 0.4 in Pin Spacing"; VariantName = "[No Variations]"
Add component (AddParameter): Name = "PackageReference"; Value = "AXIAL-0.4"; VariantName = "[No Variations]"
Add component (AddParameter): Name = "Published"; Value = "8-Jun-2000"; VariantName = "[No Variations]"
Add component (AddParameter): Name = "Publisher"; Value = "Altium Limited"; VariantName = "[No Variations]"
Add component (AddParameter): Name = "Value"; Value = "1K"; VariantName = "[No Variations]"
Added Component: Designator=R7(0603)
Add component. Clean all parameters for all variants
Add component (AddParameter): Name = "LatestRevisionDate"; Value = "17-Jul-2002"; VariantName = "[No Variations]"
Add component (AddParameter): Name = "LatestRevisionNote"; Value = "Re-released for DXP Platform."; VariantName = "[No Variations]"
Add component (AddParameter): Name = "PackageDescription"; Value = "Axial Device, Thru-Hole; 2 Leads; 0.4 in Pin Spacing"; VariantName = "[No Variations]"
Add component (AddParameter): Name = "PackageReference"; Value = "AXIAL-0.4"; VariantName = "[No Variations]"
Add component (AddParameter): Name = "Published"; Value = "8-Jun-2000"; VariantName = "[No Variations]"
Add component (AddParameter): Name = "Publisher"; Value = "Altium Limited"; VariantName = "[No Variations]"
Add component (AddParameter): Name = "Value"; Value = "1K"; VariantName = "[No Variations]"
Added Component: Designator=R8(0603)
Add component. Clean all parameters for all variants
Add component (AddParameter): Name = "LatestRevisionDate"; Value = "17-Jul-2002"; VariantName = "[No Variations]"
Add component (AddParameter): Name = "LatestRevisionNote"; Value = "Re-released for DXP Platform."; VariantName = "[No Variations]"
Add component (AddParameter): Name = "PackageDescription"; Value = "Axial Device, Thru-Hole; 2 Leads; 0.4 in Pin Spacing"; VariantName = "[No Variations]"
Add component (AddParameter): Name = "PackageReference"; Value = "AXIAL-0.4"; VariantName = "[No Variations]"
Add component (AddParameter): Name = "Published"; Value = "8-Jun-2000"; VariantName = "[No Variations]"
Add component (AddParameter): Name = "Publisher"; Value = "Altium Limited"; VariantName = "[No Variations]"
Add component (AddParameter): Name = "Value"; Value = "1K"; VariantName = "[No Variations]"
Added Component: Designator=R9(0603)
Add component. Clean all parameters for all variants
Added Component: Designator=R10(0603)
Add component. Clean all parameters for all variants
Added Component: Designator=U2(SOT-23-5)
Add component. Clean all parameters for all variants
Added Component: Designator=U3(BH1750)
Add component. Clean all parameters for all variants
Added Component: Designator=U4(DIP16)
Add component. Clean all parameters for all variants
Added Component: Designator=U5(LQFP48_N)
Add component. Clean all parameters for all variants
Add component (AddParameter): Name = "ComponentLink1Description"; Value = "Manufacturer Link"; VariantName = "[No Variations]"
Add component (AddParameter): Name = "ComponentLink1URL"; Value = "www.st.com/stm32"; VariantName = "[No Variations]"
Add component (AddParameter): Name = "ComponentLink2Description"; Value = "Datasheet"; VariantName = "[No Variations]"
Add component (AddParameter): Name = "ComponentLink2URL"; Value = "http://www.st.com/stonline/products/literature/ds/13586.pdf"; VariantName = "[No Variations]"
Add component (AddParameter): Name = "DatasheetVersion"; Value = "rev6, Mar-2008"; VariantName = "[No Variations]"
Add component (AddParameter): Name = "PackageDescription"; Value = "48-Pin Low-Profile Quad Flat Pack, 7 x 7 mm Body, 0.5 mm Pitch (LQFP48)"; VariantName = "[No Variations]"
Add component (AddParameter): Name = "PackageReference"; Value = "LQFP48"; VariantName = "[No Variations]"
Add component (AddParameter): Name = "PackageVersion"; Value = "Mar-2008"; VariantName = "[No Variations]"
Add component (AddParameter): Name = "Published"; Value = "30-May-2008"; VariantName = "[No Variations]"
Add component (AddParameter): Name = "Publisher"; Value = "Altium Limited"; VariantName = "[No Variations]"
Added Component: Designator=Y1(5032)
Add component. Clean all parameters for all variants
Added Pin To Net: NetName=+5 Pin=C12-2
Added Pin To Net: NetName=+5 Pin=C16-2
Added Pin To Net: NetName=+5 Pin=D1-2
Added Pin To Net: NetName=+5 Pin=D3-2
Added Pin To Net: NetName=+5 Pin=D5-2
Added Pin To Net: NetName=+5 Pin=K1-4
Added Pin To Net: NetName=+5 Pin=U2-1
Added Pin To Net: NetName=+5 Pin=U2-3
Added Pin To Net: NetName=+5 Pin=U4-16
Added Net: Name=+5
Added Pin To Net: NetName=+5V Pin=P?-1
Added Pin To Net: NetName=+5V Pin=U4-8
Added Net: Name=+5V
Added Pin To Net: NetName=B1 Pin=B2-1
Added Pin To Net: NetName=B1 Pin=R3-2
Added Net: Name=B1
Added Pin To Net: NetName=B2 Pin=B3-1
Added Pin To Net: NetName=B2 Pin=R4-2
Added Net: Name=B2
Added Pin To Net: NetName=B3 Pin=B4-1
Added Pin To Net: NetName=B3 Pin=R5-2
Added Net: Name=B3
Added Pin To Net: NetName=B4 Pin=B5-1
Added Pin To Net: NetName=B4 Pin=R6-2
Added Net: Name=B4
Added Pin To Net: NetName=B5 Pin=B6-1
Added Pin To Net: NetName=B5 Pin=R7-2
Added Net: Name=B5
Added Pin To Net: NetName=BH_DVI Pin=C15-2
Added Pin To Net: NetName=BH_DVI Pin=R9-1
Added Pin To Net: NetName=BH_DVI Pin=U3-5
Added Net: Name=BH_DVI
Added Pin To Net: NetName=BOOT0 Pin=R2-2
Added Pin To Net: NetName=BOOT0 Pin=U5-44
Added Net: Name=BOOT0
Added Pin To Net: NetName=GND Pin=B1-2
Added Pin To Net: NetName=GND Pin=B2-2
Added Pin To Net: NetName=GND Pin=B3-2
Added Pin To Net: NetName=GND Pin=B4-2
Added Pin To Net: NetName=GND Pin=B5-2
Added Pin To Net: NetName=GND Pin=B6-2
Added Pin To Net: NetName=GND Pin=C1-1
Added Pin To Net: NetName=GND Pin=C2-1
Added Pin To Net: NetName=GND Pin=C3-1
Added Pin To Net: NetName=GND Pin=C4-1
Added Pin To Net: NetName=GND Pin=C5-1
Added Pin To Net: NetName=GND Pin=C6-1
Added Pin To Net: NetName=GND Pin=C7-1
Added Pin To Net: NetName=GND Pin=C8-1
Added Pin To Net: NetName=GND Pin=C9-1
Added Pin To Net: NetName=GND Pin=C10-1
Added Pin To Net: NetName=GND Pin=C12-1
Added Pin To Net: NetName=GND Pin=C13-1
Added Pin To Net: NetName=GND Pin=C14-1
Added Pin To Net: NetName=GND Pin=C15-1
Added Pin To Net: NetName=GND Pin=C16-1
Added Pin To Net: NetName=GND Pin=D2-1
Added Pin To Net: NetName=GND Pin=D4-1
Added Pin To Net: NetName=GND Pin=P1-1
Added Pin To Net: NetName=GND Pin=P?-2
Added Pin To Net: NetName=GND Pin=Q1-2
Added Pin To Net: NetName=GND Pin=R2-1
Added Pin To Net: NetName=GND Pin=R8-2
Added Pin To Net: NetName=GND Pin=R10-1
Added Pin To Net: NetName=GND Pin=U2-2
Added Pin To Net: NetName=GND Pin=U3-3
Added Pin To Net: NetName=GND Pin=U4-1
Added Pin To Net: NetName=GND Pin=U4-2
Added Pin To Net: NetName=GND Pin=U4-4
Added Pin To Net: NetName=GND Pin=U4-5
Added Pin To Net: NetName=GND Pin=U4-7
Added Pin To Net: NetName=GND Pin=U4-12
Added Pin To Net: NetName=GND Pin=U4-13
Added Pin To Net: NetName=GND Pin=U5-8
Added Pin To Net: NetName=GND Pin=U5-23
Added Pin To Net: NetName=GND Pin=U5-35
Added Pin To Net: NetName=GND Pin=U5-47
Added Net: Name=GND
Added Pin To Net: NetName=IIC_SCL Pin=P1-3
Added Pin To Net: NetName=IIC_SCL Pin=U3-6
Added Net: Name=IIC_SCL
Added Pin To Net: NetName=IIC_SDA Pin=P1-4
Added Pin To Net: NetName=IIC_SDA Pin=U3-4
Added Net: Name=IIC_SDA
Added Pin To Net: NetName=L293_EN_34 Pin=U4-9
Added Net: Name=L293_EN_34
Added Pin To Net: NetName=L293_IN3 Pin=U4-10
Added Net: Name=L293_IN3
Added Pin To Net: NetName=L293_IN4 Pin=U4-15
Added Net: Name=L293_IN4
Added Pin To Net: NetName=Light_IN Pin=K1-1
Added Net: Name=Light_IN
Added Pin To Net: NetName=Light_OUT Pin=K1-3
Added Net: Name=Light_OUT
Added Pin To Net: NetName=Motor+ Pin=D1-1
Added Pin To Net: NetName=Motor+ Pin=D2-2
Added Pin To Net: NetName=Motor+ Pin=U4-14
Added Net: Name=Motor+
Added Pin To Net: NetName=Motor- Pin=D3-1
Added Pin To Net: NetName=Motor- Pin=D4-2
Added Pin To Net: NetName=Motor- Pin=U4-11
Added Net: Name=Motor-
Added Pin To Net: NetName=NetB1_1 Pin=B1-1
Added Pin To Net: NetName=NetB1_1 Pin=C3-2
Added Pin To Net: NetName=NetB1_1 Pin=R1-1
Added Pin To Net: NetName=NetB1_1 Pin=U5-7
Added Net: Name=NetB1_1
Added Pin To Net: NetName=NetC1_2 Pin=C1-2
Added Pin To Net: NetName=NetC1_2 Pin=U5-5
Added Pin To Net: NetName=NetC1_2 Pin=Y1-2
Added Net: Name=NetC1_2
Added Pin To Net: NetName=NetC2_2 Pin=C2-2
Added Pin To Net: NetName=NetC2_2 Pin=U5-6
Added Pin To Net: NetName=NetC2_2 Pin=Y1-1
Added Net: Name=NetC2_2
Added Pin To Net: NetName=NetD5_1 Pin=D5-1
Added Pin To Net: NetName=NetD5_1 Pin=K1-5
Added Pin To Net: NetName=NetD5_1 Pin=Q1-3
Added Net: Name=NetD5_1
Added Pin To Net: NetName=NetR10_2 Pin=R10-2
Added Pin To Net: NetName=NetR10_2 Pin=U3-2
Added Net: Name=NetR10_2
Added Pin To Net: NetName=Relay Pin=Q1-1
Added Pin To Net: NetName=Relay Pin=R8-1
Added Net: Name=Relay
Added Pin To Net: NetName=SWDCLK Pin=P3-2
Added Net: Name=SWDCLK
Added Pin To Net: NetName=SWDIO Pin=P3-1
Added Net: Name=SWDIO
Added Pin To Net: NetName=UART_RX Pin=P2-2
Added Net: Name=UART_RX
Added Pin To Net: NetName=UART_TX Pin=P2-1
Added Net: Name=UART_TX
Added Pin To Net: NetName=VCC Pin=C4-2
Added Pin To Net: NetName=VCC Pin=C5-2
Added Pin To Net: NetName=VCC Pin=C6-2
Added Pin To Net: NetName=VCC Pin=C7-2
Added Pin To Net: NetName=VCC Pin=C8-2
Added Pin To Net: NetName=VCC Pin=C9-2
Added Pin To Net: NetName=VCC Pin=C10-2
Added Pin To Net: NetName=VCC Pin=C13-2
Added Pin To Net: NetName=VCC Pin=C14-2
Added Pin To Net: NetName=VCC Pin=P1-2
Added Pin To Net: NetName=VCC Pin=R1-2
Added Pin To Net: NetName=VCC Pin=R3-1
Added Pin To Net: NetName=VCC Pin=R4-1
Added Pin To Net: NetName=VCC Pin=R5-1
Added Pin To Net: NetName=VCC Pin=R6-1
Added Pin To Net: NetName=VCC Pin=R7-1
Added Pin To Net: NetName=VCC Pin=R9-2
Added Pin To Net: NetName=VCC Pin=U2-5
Added Pin To Net: NetName=VCC Pin=U3-1
Added Pin To Net: NetName=VCC Pin=U5-1
Added Pin To Net: NetName=VCC Pin=U5-9
Added Pin To Net: NetName=VCC Pin=U5-24
Added Pin To Net: NetName=VCC Pin=U5-36
Added Pin To Net: NetName=VCC Pin=U5-48
Added Net: Name=VCC
Added Class: Name=Sheet1
Added Room: Name=Sheet1
